********************************************************************************
Build Execution started
********************************************************************************
Tool Version : ISOLAR-A/B 7.0.1 
Tool Build Id :20200211_1800
Date : Mon Nov 29 15:39:50 CST 2021
Project : ComTest
********************************************************************************

********************************************************************************
Project clean execution has started at 15:39:50:623 hh:mm:ss:ms 
********************************************************************************
D:\My_GitHub\BSW_comTest\src\rte directory cleaned
Clean action: RTA_RTE 
********************************************************************************
Project clean execution has been completed
Time taken to run Project Clean :: 00:00:00:005 hh:mm:ss:ms 
********************************************************************************
********************************************************************************
Pre build execution has started at 15:39:50:778 hh:mm:ss:ms 
********************************************************************************
Pre build validation successfully completed
Execute action: LstFileGenerator 
********************************************************************************
Execution of action LstFileGenerator successfully completed
********************************************************************************
********************************************************************************
Main build execution has started at 15:39:52:173 hh:mm:ss:ms 
********************************************************************************
Execute action: RTA_RTE 
********************************************************************************
Command line options: 
-q 1 -r /DBC_SysDesc_Can_Network/Pkg_Ecu/BMS -o [*.*]D:/My_GitHub/BSW_comTest/src/rte -f D:/My_GitHub/BSW_comTest/src/rte/rtegen_files.lst [ D:/My_GitHub/BSW_comTest/bsw_config/swc.arxml D:/My_GitHub/BSW_comTest/ecu_config/bsw/gen/bswmd/Nm_BSWMD.arxml D:/My_GitHub/BSW_comTest/ecu_config/bsw/internal/bswmd_ecuc_values/CanSM_Prot_EcucValues.arxml D:/My_GitHub/BSW_comTest/ecu_config/bsw/gen/Project_EcucValues.arxml D:/My_GitHub/BSW_comTest/ecu_config/bsw/gen/bswmd/PduR_BSWMD.arxml D:/My_GitHub/BSW_comTest/bsw_config/port.arxml D:/My_GitHub/BSW_comTest/DBC_SysDesc.arxml D:/My_GitHub/BSW_comTest/ecu_config/bsw/gen/bswmd/ComM_BSWMD.arxml D:/My_GitHub/BSW_comTest/ecu_config/bsw/gen/bswmd/Com_BSWMD.arxml D:/My_GitHub/BSW_comTest/system_config/Platform_Types.arxml D:/My_GitHub/BSW_comTest/ecu_config/bsw/gen/ComStack_Types.arxml D:/My_GitHub/BSW_comTest/ecu_config/bsw/gen/bswmd/Com_Cfg_BSWMD.arxml D:/My_GitHub/BSW_comTest/bsw_config/System.arxml D:/My_GitHub/BSW_comTest/ecu_config/bsw/gen/CanEcucValues.arxml D:/My_GitHub/BSW_comTest/system_config/Standard_Types.arxml D:/My_GitHub/BSW_comTest/system_config/PlatformBaseOld_Types.arxml D:/My_GitHub/BSW_comTest/BMS_FlatView_SWCD.arxml D:/My_GitHub/BSW_comTest/ecu_config/bsw/internal/bswmd_ecuc_values/PduR_Prot_EcucValues.arxml D:/My_GitHub/BSW_comTest/ecu_config/bsw/gen/swcd/EcuM_Cfg_SWCD.arxml D:/My_GitHub/BSW_comTest/ecu_config/bsw/gen/bswmd/ComM_Cfg_BSWMD.arxml D:/My_GitHub/BSW_comTest/ecu_config/bsw/gen/bswmd/EcuM_Cfg_BSWMD.arxml D:/My_GitHub/BSW_comTest/ecu_config/bsw/internal/bswmd_ecuc_values/CanIf_Prot_EcucValues.arxml D:/My_GitHub/BSW_comTest/ecu_config/bsw/gen/swcd/ComM_Cfg_SWCD.arxml D:/My_GitHub/BSW_comTest/system_config/PlatformBase_Types.arxml D:/My_GitHub/BSW_comTest/bsw_config/Rte.arxml D:/My_GitHub/BSW_comTest/ecu_config/bsw/gen/bswmd/EcuM_BSWMD.arxml D:/My_GitHub/BSW_comTest/ecu_config/bsw/internal/ComStack_EcucValues.arxml D:/My_GitHub/BSW_comTest/EcucValueCollection_0_file.arxml D:/My_GitHub/BSW_comTest/bsw_config/Os.arxml D:/My_GitHub/BSW_comTest/ecu_config/bsw/gen/bswmd/CanSM_Cfg_BSWMD.arxml D:/My_GitHub/BSW_comTest/ecu_config/bsw/internal/bswmd_ecuc_values/ComM_Prot_EcucValues.arxml D:/My_GitHub/BSW_comTest/system_config/rba_CUCELSwAddrMethod_BSWMD.arxml D:/My_GitHub/BSW_comTest/ecu_config/bsw/gen/bswmd/Nm_Cfg_BSWMD.arxml D:/My_GitHub/BSW_comTest/System_EcuExtr.arxml D:/My_GitHub/BSW_comTest/ecu_config/bsw/gen/bswmd/PduR_Cfg_BSWMD.arxml D:/My_GitHub/BSW_comTest/ecu_config/bsw/gen/swcd/ComM_SWCD.arxml D:/My_GitHub/BSW_comTest/system_config/PlatformOld_Types.arxml D:/My_GitHub/BSW_comTest/ecu_config/bsw/internal/bswmd_ecuc_values/Nm_Prot_EcucValues.arxml D:/My_GitHub/BSW_comTest/ecu_config/bsw/gen/bswmd/CanIf_BSWMD.arxml D:/My_GitHub/BSW_comTest/ecu_config/bsw/internal/bswmd_ecuc_values/CanNm_Prot_EcucValues.arxml D:/My_GitHub/BSW_comTest/bsw_config/Composition1.arxml D:/My_GitHub/BSW_comTest/ecu_config/bsw/internal/bswmd_ecuc_values/Com_Prot_EcucValues.arxml D:/My_GitHub/BSW_comTest/system_config/rba_CUCELCompuMethods_BSWMD.arxml D:/My_GitHub/BSW_comTest/ecu_config/bsw/gen/_fwd/ecuc_configuration_values_fwd.arxml D:/My_GitHub/BSW_comTest/_fwd/ecuc_configuration_values_fwd.arxml D:/My_GitHub/BSW_comTest/ecu_config/bsw/gen/bswmd/CanIf_Cfg_BSWMD.arxml D:/My_GitHub/BSW_comTest/system_config/PlatformSwBasePatch_Types.arxml D:/My_GitHub/BSW_comTest/ecu_config/bsw/gen/bswmd/CanSM_BSWMD.arxml D:/My_GitHub/BSW_comTest/ecu_config/bsw/gen/bswmd/CanNm_BSWMD.arxml D:/My_GitHub/BSW_comTest/BMS_FlatMap.arxml D:/My_GitHub/BSW_comTest/bsw_config/external_file/EcuM_EcucValues.arxml D:/My_GitHub/BSW_comTest/ISOLAR_PlatformTypes.arxml D:/My_GitHub/BSW_comTest/ecu_config/bsw/gen/bswmd/CanNm_Cfg_BSWMD.arxml ] --error-report=xml
RTA-RTE V7.1.0 
Copyright ? ETAS GmbH 2004-2020
Pre-processor warning set to - pragma message
Phase is RTE (license verified)
>Validating XML...
<Validating XML... done
Generation failed
Messages written to D:/My_GitHub/BSW_comTest/src/rte/RteErr.xml.
2 errors, 0 warnings and 0 info messages were generated.
No files had to be deleted.
Execution failed with error
Execution of action RTA_RTE failed
********************************************************************************
********************************************************************************
Post build execution has started at 15:39:55:987 hh:mm:ss:ms 
********************************************************************************
Execute action: ProblemsLogEntryCreator 
********************************************************************************
Execution of action ProblemsLogEntryCreator successfully completed
********************************************************************************

********************************************************************************
Pre Build Summary 
********************************************************************************
- LstFileGenerator --> Success (Executed for 00:00:00:010 hh:mm:ss:ms)
Build Summary 
********************************************************************************
- RTA_RTE --> Error (Executed for 00:00:02:533 hh:mm:ss:ms)
Execution failed with error
********************************************************************************
Post Build Summary 
********************************************************************************
- ProblemsLogEntryCreator --> Success (Executed for 00:00:00:008 hh:mm:ss:ms)

Time taken for the complete build: 00:00:02:784
