; Input Files
 "D:/My_GitHub/BSW_comTest/ecu_config/bsw/internal/bswmd_ecuc_values/CanSM_Prot_EcucValues.arxml"
 "D:/My_GitHub/BSW_comTest/ecu_config/bsw/gen/Project_EcucValues.arxml"
 "D:/My_GitHub/BSW_comTest/ecu_config/bsw/gen/bswmd/PduR_BSWMD.arxml"
 "D:/My_GitHub/BSW_comTest/ARPackage_1.arxml"
 "D:/My_GitHub/BSW_comTest/DBC_SysDesc.arxml"
 "D:/My_GitHub/BSW_comTest/ecu_config/bsw/gen/bswmd/ComM_BSWMD.arxml"
 "D:/My_GitHub/BSW_comTest/ecu_config/bsw/gen/bswmd/Com_BSWMD.arxml"
 "D:/My_GitHub/BSW_comTest/system_config/Platform_Types.arxml"
 "D:/My_GitHub/BSW_comTest/ARPackage_4.arxml"
 "D:/My_GitHub/BSW_comTest/ecu_config/bsw/gen/ComStack_Types.arxml"
 "D:/My_GitHub/BSW_comTest/ARPackage_5.arxml"
 "D:/My_GitHub/BSW_comTest/ecu_config/bsw/gen/bswmd/Com_Cfg_BSWMD.arxml"
 "D:/My_GitHub/BSW_comTest/ARPackage_2.arxml"
 "D:/My_GitHub/BSW_comTest/ecu_config/bsw/gen/CanEcucValues.arxml"
 "D:/My_GitHub/BSW_comTest/system_config/Standard_Types.arxml"
 "D:/My_GitHub/BSW_comTest/system_config/PlatformBaseOld_Types.arxml"
 "D:/My_GitHub/BSW_comTest/BMS_FlatView_SWCD.arxml"
 "D:/My_GitHub/BSW_comTest/System_0_EcuExtr.arxml"
 "D:/My_GitHub/BSW_comTest/ecu_config/bsw/internal/bswmd_ecuc_values/PduR_Prot_EcucValues.arxml"
 "D:/My_GitHub/BSW_comTest/ecu_config/bsw/gen/swcd/EcuM_Cfg_SWCD.arxml"
 "D:/My_GitHub/BSW_comTest/ecu_config/bsw/gen/bswmd/ComM_Cfg_BSWMD.arxml"
 "D:/My_GitHub/BSW_comTest/ecu_config/bsw/gen/bswmd/EcuM_Cfg_BSWMD.arxml"
 "D:/My_GitHub/BSW_comTest/ecu_config/bsw/internal/bswmd_ecuc_values/CanIf_Prot_EcucValues.arxml"
 "D:/My_GitHub/BSW_comTest/ARPackage_0.arxml"
 "D:/My_GitHub/BSW_comTest/ecu_config/bsw/gen/swcd/ComM_Cfg_SWCD.arxml"
 "D:/My_GitHub/BSW_comTest/system_config/PlatformBase_Types.arxml"
 "D:/My_GitHub/BSW_comTest/ecu_config/bsw/gen/bswmd/EcuM_BSWMD.arxml"
 "D:/My_GitHub/BSW_comTest/ecu_config/bsw/internal/ComStack_EcucValues.arxml"
 "D:/My_GitHub/BSW_comTest/externalfile/BswM_EcucValues.arxml"
 "D:/My_GitHub/BSW_comTest/EcucValueCollection_0_file.arxml"
 "D:/My_GitHub/BSW_comTest/ecu_config/bsw/gen/bswmd/CanSM_Cfg_BSWMD.arxml"
 "D:/My_GitHub/BSW_comTest/ecu_config/bsw/internal/bswmd_ecuc_values/ComM_Prot_EcucValues.arxml"
 "D:/My_GitHub/BSW_comTest/system_config/rba_CUCELSwAddrMethod_BSWMD.arxml"
 "D:/My_GitHub/BSW_comTest/ecu_config/bsw/gen/bswmd/PduR_Cfg_BSWMD.arxml"
 "D:/My_GitHub/BSW_comTest/ecu_config/bsw/gen/swcd/ComM_SWCD.arxml"
 "D:/My_GitHub/BSW_comTest/ARPackage_6Os.arxml"
 "D:/My_GitHub/BSW_comTest/system_config/PlatformOld_Types.arxml"
 "D:/My_GitHub/BSW_comTest/ecu_config/bsw/gen/bswmd/CanIf_BSWMD.arxml"
 "D:/My_GitHub/BSW_comTest/ecu_config/bsw/gen/swcd/BswM_Cfg_SWCD.arxml"
 "D:/My_GitHub/BSW_comTest/ecu_config/bsw/gen/bswmd/BswM_Cfg_BSWMD.arxml"
 "D:/My_GitHub/BSW_comTest/ecu_config/bsw/internal/bswmd_ecuc_values/Com_Prot_EcucValues.arxml"
 "D:/My_GitHub/BSW_comTest/ARPackage_3.arxml"
 "D:/My_GitHub/BSW_comTest/ARPackage_6EcuC.arxml"
 "D:/My_GitHub/BSW_comTest/system_config/rba_CUCELCompuMethods_BSWMD.arxml"
 "D:/My_GitHub/BSW_comTest/ecu_config/bsw/gen/_fwd/ecuc_configuration_values_fwd.arxml"
 "D:/My_GitHub/BSW_comTest/externalfile/rba_Can_BSWMD.arxml"
 "D:/My_GitHub/BSW_comTest/_fwd/ecuc_configuration_values_fwd.arxml"
 "D:/My_GitHub/BSW_comTest/ecu_config/bsw/gen/bswmd/CanIf_Cfg_BSWMD.arxml"
 "D:/My_GitHub/BSW_comTest/system_config/PlatformSwBasePatch_Types.arxml"
 "D:/My_GitHub/BSW_comTest/ARPackage_6Rte.arxml"
 "D:/My_GitHub/BSW_comTest/ecu_config/bsw/gen/bswmd/CanSM_BSWMD.arxml"
 "D:/My_GitHub/BSW_comTest/externalfile/EcuM_EcucValues.arxml"
 "D:/My_GitHub/BSW_comTest/BMS_FlatMap.arxml"
 "D:/My_GitHub/BSW_comTest/ISOLAR_PlatformTypes.arxml"
